[    0.000000] Linux version 4.15.0-212-generic (buildd@lcy02-amd64-083) (gcc version 7.5.0 (Ubuntu 7.5.0-3ubuntu1~18.04)) #223-Ubuntu SMP Tue May 23 13:09:22 UTC 2023 (Ubuntu 4.15.0-212.223-generic 4.15.18)
[    0.000000] Command line: BOOT_IMAGE=/boot/vmlinuz-4.15.0-212-generic root=LABEL=cloudimg-rootfs ro console=tty1 console=ttyS0
[    0.000000] KERNEL supported cpus:
[    0.000000]   Intel GenuineIntel
[    0.000000]   AMD AuthenticAMD
[    0.000000]   Centaur CentaurHauls
[    0.000000] [Firmware Bug]: TSC doesn't count with P0 frequency!
[    0.000000] x86/fpu: x87 FPU will use FXSAVE
[    0.000000] e820: BIOS-provided physical RAM map:
[    0.000000] BIOS-e820: [mem 0x0000000000000000-0x000000000009fbff] usable
[    0.000000] BIOS-e820: [mem 0x000000000009fc00-0x000000000009ffff] reserved
[    0.000000] BIOS-e820: [mem 0x00000000000f0000-0x00000000000fffff] reserved
[    0.000000] BIOS-e820: [mem 0x0000000000100000-0x000000003ffeffff] usable
[    0.000000] BIOS-e820: [mem 0x000000003fff0000-0x000000003fffffff] ACPI data
[    0.000000] BIOS-e820: [mem 0x00000000fec00000-0x00000000fec00fff] reserved
[    0.000000] BIOS-e820: [mem 0x00000000fee00000-0x00000000fee00fff] reserved
[    0.000000] BIOS-e820: [mem 0x00000000fffc0000-0x00000000ffffffff] reserved
[    0.000000] NX (Execute Disable) protection: active
[    0.000000] SMBIOS 2.5 present.
[    0.000000] DMI: innotek GmbH VirtualBox/VirtualBox, BIOS VirtualBox 12/01/2006
[    0.000000] Hypervisor detected: KVM
[    0.000000] e820: last_pfn = 0x3fff0 max_arch_pfn = 0x400000000
[    0.000000] MTRR: Disabled
[    0.000000] x86/PAT: MTRRs disabled, skipping PAT initialization too.
[    0.000000] CPU MTRRs all blank - virtualized system.
[    0.000000] x86/PAT: Configuration [0-7]: WB  WT  UC- UC  WB  WT  UC- UC  
[    0.000000] found SMP MP-table at [mem 0x0009fff0-0x0009ffff]
[    0.000000] Scanning 1 areas for low memory corruption
[    0.000000] RAMDISK: [mem 0x359cb000-0x36cdcfff]
[    0.000000] ACPI: Early table checksum verification disabled
[    0.000000] ACPI: RSDP 0x00000000000E0000 000024 (v02 VBOX  )
[    0.000000] ACPI: XSDT 0x000000003FFF0030 00003C (v01 VBOX   VBOXXSDT 00000001 ASL  00000061)
[    0.000000] ACPI: FACP 0x000000003FFF00F0 0000F4 (v04 VBOX   VBOXFACP 00000001 ASL  00000061)
[    0.000000] ACPI: DSDT 0x000000003FFF0610 002353 (v02 VBOX   VBOXBIOS 00000002 INTL 20100528)
[    0.000000] ACPI: FACS 0x000000003FFF0200 000040
[    0.000000] ACPI: FACS 0x000000003FFF0200 000040
[    0.000000] ACPI: APIC 0x000000003FFF0240 00005C (v02 VBOX   VBOXAPIC 00000001 ASL  00000061)
[    0.000000] ACPI: SSDT 0x000000003FFF02A0 00036C (v01 VBOX   VBOXCPUT 00000002 INTL 20100528)
[    0.000000] ACPI: Reserving FACP table memory at [mem 0x3fff00f0-0x3fff01e3]
[    0.000000] ACPI: Reserving DSDT table memory at [mem 0x3fff0610-0x3fff2962]
[    0.000000] ACPI: Reserving FACS table memory at [mem 0x3fff0200-0x3fff023f]
[    0.000000] ACPI: Reserving FACS table memory at [mem 0x3fff0200-0x3fff023f]
[    0.000000] ACPI: Reserving APIC table memory at [mem 0x3fff0240-0x3fff029b]
[    0.000000] ACPI: Reserving SSDT table memory at [mem 0x3fff02a0-0x3fff060b]
[    0.000000] No NUMA configuration found
[    0.000000] Faking a node at [mem 0x0000000000000000-0x000000003ffeffff]
[    0.000000] NODE_DATA(0) allocated [mem 0x3ffc5000-0x3ffeffff]
[    0.000000] kvm-clock: cpu 0, msr 0:3ff44001, primary cpu clock
[    0.000000] kvm-clock: Using msrs 4b564d01 and 4b564d00
[    0.000000] kvm-clock: using sched offset of 5567852909 cycles
[    0.000000] clocksource: kvm-clock: mask: 0xffffffffffffffff max_cycles: 0x1cd42e4dffb, max_idle_ns: 881590591483 ns
[    0.000000] Zone ranges:
[    0.000000]   DMA      [mem 0x0000000000001000-0x0000000000ffffff]
[    0.000000]   DMA32    [mem 0x0000000001000000-0x000000003ffeffff]
[    0.000000]   Normal   empty
[    0.000000]   Device   empty
[    0.000000] Movable zone start for each node
[    0.000000] Early memory node ranges
[    0.000000]   node   0: [mem 0x0000000000001000-0x000000000009efff]
[    0.000000]   node   0: [mem 0x0000000000100000-0x000000003ffeffff]
[    0.000000] Reserved but unavailable: 104 pages
[    0.000000] Initmem setup node 0 [mem 0x0000000000001000-0x000000003ffeffff]
[    0.000000] ACPI: PM-Timer IO Port: 0x4008
[    0.000000] IOAPIC[0]: apic_id 2, version 32, address 0xfec00000, GSI 0-23
[    0.000000] ACPI: INT_SRC_OVR (bus 0 bus_irq 0 global_irq 2 dfl dfl)
[    0.000000] ACPI: INT_SRC_OVR (bus 0 bus_irq 9 global_irq 9 low level)
[    0.000000] Using ACPI (MADT) for SMP configuration information
[    0.000000] smpboot: Allowing 2 CPUs, 0 hotplug CPUs
[    0.000000] PM: Registered nosave memory: [mem 0x00000000-0x00000fff]
[    0.000000] PM: Registered nosave memory: [mem 0x0009f000-0x0009ffff]
[    0.000000] PM: Registered nosave memory: [mem 0x000a0000-0x000effff]
[    0.000000] PM: Registered nosave memory: [mem 0x000f0000-0x000fffff]
[    0.000000] e820: [mem 0x40000000-0xfebfffff] available for PCI devices
[    0.000000] Booting paravirtualized kernel on KVM
[    0.000000] clocksource: refined-jiffies: mask: 0xffffffff max_cycles: 0xffffffff, max_idle_ns: 7645519600211568 ns
[    0.000000] setup_percpu: NR_CPUS:8192 nr_cpumask_bits:2 nr_cpu_ids:2 nr_node_ids:1
[    0.000000] percpu: Embedded 50 pages/cpu s167936 r8192 d28672 u1048576
[    0.000000] PV qspinlock hash table entries: 256 (order: 0, 4096 bytes)
[    0.000000] Built 1 zonelists, mobility grouping on.  Total pages: 257913
[    0.000000] Policy zone: DMA32
[    0.000000] Kernel command line: BOOT_IMAGE=/boot/vmlinuz-4.15.0-212-generic root=LABEL=cloudimg-rootfs ro console=tty1 console=ttyS0
[    0.000000] Memory: 982644K/1048120K available (12300K kernel code, 2477K rwdata, 4324K rodata, 2480K init, 2720K bss, 65476K reserved, 0K cma-reserved)
[    0.000000] SLUB: HWalign=64, Order=0-3, MinObjects=0, CPUs=2, Nodes=1
[    0.000000] ftrace: allocating 39508 entries in 155 pages
[    0.004000] Hierarchical RCU implementation.
[    0.004000] 	RCU restricting CPUs from NR_CPUS=8192 to nr_cpu_ids=2.
[    0.004000] 	Tasks RCU enabled.
[    0.004000] RCU: Adjusting geometry for rcu_fanout_leaf=16, nr_cpu_ids=2
[    0.004000] NR_IRQS: 524544, nr_irqs: 440, preallocated irqs: 16
[    0.004000] random: crng init done
[    0.004000] Console: colour VGA+ 80x25
[    0.004000] console [tty1] enabled
[    0.004000] console [ttyS0] enabled
[    0.004000] ACPI: Core revision 20170831
[    0.004000] ACPI: 2 ACPI AML tables successfully acquired and loaded
[    0.004000] APIC: Switch to symmetric I/O mode setup
[    0.008000] ..TIMER: vector=0x30 apic1=0 pin1=2 apic2=-1 pin2=-1
[    0.008011] tsc: Detected 2095.970 MHz processor
[    0.012014] Calibrating delay loop (skipped) preset value.. 4191.94 BogoMIPS (lpj=8383880)
[    0.016011] pid_max: default: 32768 minimum: 301
[    0.024023] Security Framework initialized
[    0.028011] Yama: becoming mindful.
[    0.032315] AppArmor: AppArmor initialized
[    0.047366] Dentry cache hash table entries: 131072 (order: 8, 1048576 bytes)
[    0.056928] Inode-cache hash table entries: 65536 (order: 7, 524288 bytes)
[    0.060206] Mount-cache hash table entries: 2048 (order: 2, 16384 bytes)
[    0.064248] Mountpoint-cache hash table entries: 2048 (order: 2, 16384 bytes)
[    0.074603] Last level iTLB entries: 4KB 1024, 2MB 1024, 4MB 512
[    0.076010] Last level dTLB entries: 4KB 1536, 2MB 1536, 4MB 768, 1GB 0
[    0.080012] Spectre V1 : Mitigation: usercopy/swapgs barriers and __user pointer sanitization
[    0.084010] Spectre V2 : Mitigation: Retpolines
[    0.088010] Spectre V2 : Spectre v2 / SpectreRSB mitigation: Filling RSB on context switch
[    0.092012] Spectre V2 : Spectre v2 / SpectreRSB : Filling RSB on VMEXIT
[    0.096012] RETBleed: Vulnerable
[    0.100326] Freeing SMP alternatives memory: 36K
[    0.224681] APIC calibration not consistent with PM-Timer: 103ms instead of 100ms
[    0.228000] APIC delta adjusted to PM-Timer: 6304221 (6534355)
[    0.228911] smpboot: CPU0: AMD Ryzen 5 3500U with Radeon Vega Mobile Gfx (family: 0x17, model: 0x18, stepping: 0x1)
[    0.233502] Performance Events: PMU not available due to virtualization, using software events only.
[    0.240026] Hierarchical SRCU implementation.
[    0.245912] NMI watchdog: Perf event create on CPU 0 failed with -2
[    0.248115] NMI watchdog: Perf NMI watchdog permanently disabled
[    0.252968] smp: Bringing up secondary CPUs ...
[    0.261521] x86: Booting SMP configuration:
[    0.264010] .... node  #0, CPUs:      #1
[    0.004000] kvm-clock: cpu 1, msr 0:3ff44041, secondary cpu clock
[    0.284000] TSC synchronization [CPU#0 -> CPU#1]:
[    0.284000] Measured 127408 cycles TSC warp between CPUs, turning off TSC clock.
[    0.284000] tsc: Marking TSC unstable due to check_tsc_sync_source failed
[    0.288431] smp: Brought up 1 node, 2 CPUs
[    0.292010] smpboot: Max logical packages: 1
[    0.296014] smpboot: Total of 2 processors activated (8383.88 BogoMIPS)
[    0.304174] devtmpfs: initialized
[    0.313051] x86/mm: Memory block size: 128MB
[    0.324960] evm: security.selinux
[    0.336009] evm: security.SMACK64
[    0.348007] evm: security.SMACK64EXEC
[    0.360009] evm: security.SMACK64TRANSMUTE
[    0.368007] evm: security.SMACK64MMAP
[    0.376004] evm: security.apparmor
[    0.388008] evm: security.ima
[    0.396008] evm: security.capability
[    0.408679] clocksource: jiffies: mask: 0xffffffff max_cycles: 0xffffffff, max_idle_ns: 7645041785100000 ns
[    0.412209] futex hash table entries: 512 (order: 3, 32768 bytes)
[    0.416413] pinctrl core: initialized pinctrl subsystem
[    0.424007] RTC time: 21:18:18, date: 05/13/24
[    0.432743] NET: Registered protocol family 16
[    0.436308] audit: initializing netlink subsys (disabled)
[    0.444008] audit: type=2000 audit(1715635103.857:1): state=initialized audit_enabled=0 res=1
[    0.464181] cpuidle: using governor ladder
[    0.476344] cpuidle: using governor menu
[    0.489006] ACPI: bus type PCI registered
[    0.492017] acpiphp: ACPI Hot Plug PCI Controller Driver version: 0.5
[    0.497408] PCI: Using configuration type 1 for base access
[    0.500008] PCI: Using configuration type 1 for extended access
[    0.513338] HugeTLB registered 2.00 MiB page size, pre-allocated 0 pages
[    0.524674] ACPI: Added _OSI(Module Device)
[    0.536228] ACPI: Added _OSI(Processor Device)
[    0.544008] ACPI: Added _OSI(3.0 _SCP Extensions)
[    0.552009] ACPI: Added _OSI(Processor Aggregator Device)
[    0.564009] ACPI: Added _OSI(Linux-Dell-Video)
[    0.572014] ACPI: Added _OSI(Linux-Lenovo-NV-HDMI-Audio)
[    0.580017] ACPI: Added _OSI(Linux-HPI-Hybrid-Graphics)
[    0.598087] ACPI: Executed 1 blocks of module-level executable AML code
[    0.618976] ACPI: Interpreter enabled
[    0.628024] ACPI: (supports S0 S5)
[    0.636008] ACPI: Using IOAPIC for interrupt routing
[    0.644172] PCI: Using host bridge windows from ACPI; if necessary, use "pci=nocrs" and report a bug
[    0.656378] ACPI: Enabled 2 GPEs in block 00 to 07
[    0.685972] ACPI: PCI Root Bridge [PCI0] (domain 0000 [bus 00-ff])
[    0.700024] acpi PNP0A03:00: _OSC: OS supports [ExtendedConfig ASPM ClockPM Segments MSI]
[    0.716165] acpi PNP0A03:00: _OSC: platform does not support [PCIeCapability]
[    0.728547] acpi PNP0A03:00: _OSC: not requesting control; platform does not support [PCIeCapability]
[    0.744010] acpi PNP0A03:00: _OSC: OS requested [PCIeHotplug PME AER PCIeCapability]
[    0.752010] acpi PNP0A03:00: _OSC: platform willing to grant [PCIeHotplug PME AER]
[    0.764015] acpi PNP0A03:00: _OSC failed (AE_SUPPORT); disabling ASPM
[    0.777901] PCI host bridge to bus 0000:00
[    0.788013] pci_bus 0000:00: root bus resource [io  0x0000-0x0cf7 window]
[    0.800010] pci_bus 0000:00: root bus resource [io  0x0d00-0xffff window]
[    0.812013] pci_bus 0000:00: root bus resource [mem 0x000a0000-0x000bffff window]
[    0.824009] pci_bus 0000:00: root bus resource [mem 0x40000000-0xfdffffff window]
[    0.840017] pci_bus 0000:00: root bus resource [bus 00-ff]
[    0.860053] pci 0000:00:01.1: legacy IDE quirk: reg 0x10: [io  0x01f0-0x01f7]
[    0.872011] pci 0000:00:01.1: legacy IDE quirk: reg 0x14: [io  0x03f6]
[    0.884014] pci 0000:00:01.1: legacy IDE quirk: reg 0x18: [io  0x0170-0x0177]
[    0.900010] pci 0000:00:01.1: legacy IDE quirk: reg 0x1c: [io  0x0376]
[    0.955186] pci 0000:00:07.0: quirk: [io  0x4000-0x403f] claimed by PIIX4 ACPI
[    0.968090] pci 0000:00:07.0: quirk: [io  0x4100-0x410f] claimed by PIIX4 SMB
[    1.004970] ACPI: PCI Interrupt Link [LNKA] (IRQs 5 9 10 *11)
[    1.016763] ACPI: PCI Interrupt Link [LNKB] (IRQs 5 9 *10 11)
[    1.024409] ACPI: PCI Interrupt Link [LNKC] (IRQs 5 *9 10 11)
[    1.040467] ACPI: PCI Interrupt Link [LNKD] (IRQs 5 9 10 *11)
[    1.049576] SCSI subsystem initialized
[    1.061472] pci 0000:00:02.0: vgaarb: setting as boot VGA device
[    1.064000] pci 0000:00:02.0: vgaarb: VGA device added: decodes=io+mem,owns=io+mem,locks=none
[    1.096023] pci 0000:00:02.0: vgaarb: bridge control possible
[    1.104008] vgaarb: loaded
[    1.108242] ACPI: bus type USB registered
[    1.116040] usbcore: registered new interface driver usbfs
[    1.124041] usbcore: registered new interface driver hub
[    1.136034] usbcore: registered new device driver usb
[    1.144498] EDAC MC: Ver: 3.0.0
[    1.153268] PCI: Using ACPI for IRQ routing
[    1.165951] NetLabel: Initializing
[    1.172007] NetLabel:  domain hash size = 128
[    1.180006] NetLabel:  protocols = UNLABELED CIPSOv4 CALIPSO
[    1.188406] NetLabel:  unlabeled traffic allowed by default
[    1.204543] clocksource: Switched to clocksource kvm-clock
[    1.322574] VFS: Disk quotas dquot_6.6.0
[    1.336678] VFS: Dquot-cache hash table entries: 512 (order 0, 4096 bytes)
[    1.348305] AppArmor: AppArmor Filesystem Enabled
[    1.356548] pnp: PnP ACPI init
[    1.360438] pnp: PnP ACPI: found 3 devices
[    1.437359] clocksource: acpi_pm: mask: 0xffffff max_cycles: 0xffffff, max_idle_ns: 2085701024 ns
[    1.440294] NET: Registered protocol family 2
[    1.440294] IP idents hash table entries: 16384 (order: 5, 131072 bytes)
[    1.471032] TCP established hash table entries: 8192 (order: 4, 65536 bytes)
[    1.484984] TCP bind hash table entries: 8192 (order: 5, 131072 bytes)
[    1.488008] TCP: Hash tables configured (established 8192 bind 8192)
[    1.488008] UDP hash table entries: 512 (order: 2, 16384 bytes)
[    1.488008] UDP-Lite hash table entries: 512 (order: 2, 16384 bytes)
[    1.488008] NET: Registered protocol family 1
[    1.488008] pci 0000:00:00.0: Limiting direct PCI/PCI transfers
[    1.488008] pci 0000:00:01.0: Activating ISA DMA hang workarounds
[    1.488008] pci 0000:00:02.0: Video device with shadowed ROM at [mem 0x000c0000-0x000dffff]
[    1.488008] Unpacking initramfs...
[    2.664984] Freeing initrd memory: 19528K
[    2.672489] clocksource: tsc: mask: 0xffffffffffffffff max_cycles: 0x1e365164412, max_idle_ns: 440795237801 ns
[    2.692680] platform rtc_cmos: registered platform RTC device (no PNP device found)
[    2.709042] Scanning for low memory corruption every 60 seconds
[    2.724703] Initialise system trusted keyrings
[    2.733932] Key type blacklist registered
[    2.741581] workingset: timestamp_bits=36 max_order=18 bucket_order=0
[    2.758984] zbud: loaded
[    2.769179] squashfs: version 4.0 (2009/01/31) Phillip Lougher
[    2.781751] fuse init (API version 7.26)
[    2.851540] Key type asymmetric registered
[    2.857965] Asymmetric key parser 'x509' registered
[    2.865296] Block layer SCSI generic (bsg) driver version 0.4 loaded (major 246)
[    2.877271] io scheduler noop registered
[    2.883852] io scheduler deadline registered
[    2.891208] io scheduler cfq registered (default)
[    2.903718] ACPI: AC Adapter [AC] (on-line)
[    2.912257] input: Power Button as /devices/LNXSYSTM:00/LNXPWRBN:00/input/input0
[    2.924655] ACPI: Power Button [PWRF]
[    2.934285] input: Sleep Button as /devices/LNXSYSTM:00/LNXSLPBN:00/input/input1
[    2.946451] ACPI: Sleep Button [SLPF]
[    2.954748] Serial: 8250/16550 driver, 32 ports, IRQ sharing enabled
[    2.957610] ACPI: Battery Slot [BAT0] (battery present)
[    3.006917] 00:02: ttyS0 at I/O 0x3f8 (irq = 4, base_baud = 115200) is a 16550A
[    3.054186] Linux agpgart interface v0.103
[    3.088979] loop: module loaded
[    3.103694] scsi host0: ata_piix
[    3.113522] scsi host1: ata_piix
[    3.120185] ata1: PATA max UDMA/33 cmd 0x1f0 ctl 0x3f6 bmdma 0xd000 irq 14
[    3.123976] ata2: PATA max UDMA/33 cmd 0x170 ctl 0x376 bmdma 0xd008 irq 15
[    3.148531] tun: Universal TUN/TAP device driver, 1.6
[    3.158774] PPP generic driver version 2.4.2
[    3.168547] ehci_hcd: USB 2.0 'Enhanced' Host Controller (EHCI) Driver
[    3.180664] ehci-pci: EHCI PCI platform driver
[    3.190121] ehci-platform: EHCI generic platform driver
[    3.199913] ohci_hcd: USB 1.1 'Open' Host Controller (OHCI) Driver
[    3.210946] ohci-pci: OHCI PCI platform driver
[    3.219232] ohci-platform: OHCI generic platform driver
[    3.227908] uhci_hcd: USB Universal Host Controller Interface driver
[    3.239792] i8042: PNP: PS/2 Controller [PNP0303:PS2K,PNP0f03:PS2M] at 0x60,0x64 irq 1,12
[    3.264761] serio: i8042 KBD port at 0x60,0x64 irq 1
[    3.275336] serio: i8042 AUX port at 0x60,0x64 irq 12
[    3.285878] mousedev: PS/2 mouse device common for all mice
[    3.302819] rtc_cmos rtc_cmos: rtc core: registered rtc_cmos as rtc0
[    3.302791] input: AT Translated Set 2 keyboard as /devices/platform/i8042/serio0/input/input2
[    3.315265] rtc_cmos rtc_cmos: alarms up to one day, 114 bytes nvram
[    3.374030] i2c /dev entries driver
[    3.380702] device-mapper: uevent: version 1.0.3
[    3.388463] device-mapper: ioctl: 4.37.0-ioctl (2017-09-20) initialised: dm-devel@redhat.com
[    3.414646] ledtrig-cpu: registered to indicate activity on CPUs
[    3.426709] NET: Registered protocol family 10
[    3.453192] Segment Routing with IPv6
[    3.458863] NET: Registered protocol family 17
[    3.470067] Key type dns_resolver registered
[    3.481655] mce: Using 0 MCE banks
[    3.488915] RAS: Correctable Errors collector initialized.
[    3.500170] sched_clock: Marking stable (3499892681, 0)->(4873696664, -1373803983)
[    3.519150] registered taskstats version 1
[    3.526585] Loading compiled-in X.509 certificates
[    3.543573] Loaded X.509 cert 'Build time autogenerated kernel key: b5b26778eaa3ab3a4a6cee031137706e947d12ad'
[    3.560133] Loaded X.509 cert 'Canonical Ltd. Live Patch Signing: 14df34d1a87cf37625abec039ef2bf521249b969'
[    3.577084] Loaded X.509 cert 'Canonical Ltd. Kernel Module Signing: 88f752e560a1e0737e31163a466ad7b70a850c19'
[    3.598621] blacklist: Loading compiled-in revocation X.509 certificates
[    3.610599] Loaded X.509 cert 'Canonical Ltd. Secure Boot Signing: 61482aa2830d0ab2ad5af10b7250da9033ddcef0'
[    3.624890] Loaded X.509 cert 'Canonical Ltd. Secure Boot Signing (2017): 242ade75ac4a15e50d50c84b0d45ff3eae707a03'
[    3.640250] Loaded X.509 cert 'Canonical Ltd. Secure Boot Signing (ESM 2018): 365188c1d374d6b07c3c8f240f8ef722433d6a8b'
[    3.655845] Loaded X.509 cert 'Canonical Ltd. Secure Boot Signing (2019): c0746fd6c5da3ae827864651ad66ae47fe24b3e8'
[    3.671467] Loaded X.509 cert 'Canonical Ltd. Secure Boot Signing (2021 v1): a8d54bbb3825cfb94fa13c9f8a594a195c107b8d'
[    3.687942] Loaded X.509 cert 'Canonical Ltd. Secure Boot Signing (2021 v2): 4cf046892d6fd3c9a5b03f98d845f90851dc6a8c'
[    3.706109] Loaded X.509 cert 'Canonical Ltd. Secure Boot Signing (2021 v3): 100437bb6de6e469b581e61cd66bce3ef4ed53af'
[    3.722638] Loaded X.509 cert 'Canonical Ltd. Secure Boot Signing (Ubuntu Core 2019): c1d57b8f6b743f23ee41f4f7ee292f06eecadfb9'
[    3.743001] zswap: loaded using pool lzo/zbud
[    3.765025] Key type big_key registered
[    3.771080] Key type trusted registered
[    3.782584] Key type encrypted registered
[    3.788839] AppArmor: AppArmor sha1 policy hashing enabled
[    3.797621] ima: No TPM chip found, activating TPM-bypass! (rc=-19)
[    3.808010] ima: Allocated hash algorithm: sha1
[    3.817837] evm: HMAC attrs: 0x1
[    3.825649]   Magic number: 8:470:348
[    3.834678] rtc_cmos rtc_cmos: setting system clock to 2024-05-13 21:18:21 UTC (1715635101)
[    3.851156] BIOS EDD facility v0.16 2004-Jun-25, 0 devices found
[    3.862007] EDD information not available.
[    3.875256] Freeing unused kernel image memory: 2480K
[    3.900988] Write protecting the kernel read-only data: 20480k
[    3.914188] Freeing unused kernel image memory: 2008K
[    3.925036] Freeing unused kernel image memory: 1820K
[    3.944803] x86/mm: Checked W+X mappings: passed, no W+X pages found.
Loading, please wait...
starting version 237
[    4.150403] e1000: Intel(R) PRO/1000 Network Driver - version 7.3.21-k8-NAPI
[    4.166542] e1000: Copyright (c) 1999-2006 Intel Corporation.
[    4.176932] Fusion MPT base driver 3.04.20
[    4.185377] Copyright (c) 1999-2008 LSI Corporation
[    4.247199] Fusion MPT SPI Host driver 3.04.20
[    4.259287] SSE version of gcm_enc/dec engaged.
[    4.282973] mptbase: ioc0: Initiating bringup
[    4.438633] ioc0: LSI53C1030 A0: Capabilities={Initiator}
[    4.526393] input: ImExPS/2 Generic Explorer Mouse as /devices/platform/i8042/serio1/input/input4
[    4.712673] scsi host2: ioc0: LSI53C1030 A0, FwRev=00000000h, Ports=1, MaxQ=256, IRQ=20
[    4.900377] scsi 2:0:0:0: Direct-Access     VBOX     HARDDISK         1.0  PQ: 0 ANSI: 5
[    4.948140] scsi target2:0:0: Beginning Domain Validation
[    4.969887] scsi target2:0:0: Domain Validation skipping write tests
[    4.982168] scsi target2:0:0: Ending Domain Validation
[    4.991469] scsi target2:0:0: asynchronous
[    5.004289] scsi 2:0:1:0: Direct-Access     VBOX     HARDDISK         1.0  PQ: 0 ANSI: 5
[    5.376468] scsi target2:0:1: Beginning Domain Validation
[    5.401004] scsi target2:0:1: Domain Validation skipping write tests
[    5.412522] scsi target2:0:1: Ending Domain Validation
[    5.420668] scsi target2:0:1: asynchronous
[    5.462415] sd 2:0:0:0: [sda] 83886080 512-byte logical blocks: (42.9 GB/40.0 GiB)
[    5.479005] sd 2:0:0:0: Attached scsi generic sg0 type 0
[    5.489008] sd 2:0:1:0: Attached scsi generic sg1 type 0
[    5.499533] sd 2:0:1:0: [sdb] 20480 512-byte logical blocks: (10.5 MB/10.0 MiB)
[    5.511890] sd 2:0:0:0: [sda] Write Protect is off
[    5.521064] sd 2:0:1:0: [sdb] Write Protect is off
[    5.529910] sd 2:0:0:0: [sda] Incomplete mode parameter data
[    5.538819] sd 2:0:0:0: [sda] Assuming drive cache: write through
[    5.549162] sd 2:0:1:0: [sdb] Incomplete mode parameter data
[    5.559162] sd 2:0:1:0: [sdb] Assuming drive cache: write through
[    5.573850]  sda: sda1
[    5.595191] sd 2:0:1:0: [sdb] Attached SCSI disk
[    5.607191] sd 2:0:0:0: [sda] Attached SCSI disk
[    5.922819] e1000 0000:00:03.0 eth0: (PCI:33MHz:32-bit) 02:3b:7b:b7:3b:2d
[    5.934536] e1000 0000:00:03.0 eth0: Intel(R) PRO/1000 Network Connection
[    6.773112] e1000 0000:00:08.0 eth1: (PCI:33MHz:32-bit) 08:00:27:aa:4f:e4
[    6.782256] e1000 0000:00:08.0 eth1: Intel(R) PRO/1000 Network Connection
[    6.795574] e1000 0000:00:08.0 enp0s8: renamed from eth1
[    6.813459] e1000 0000:00:03.0 enp0s3: renamed from eth0
Begin: Loading essential drivers ... [   10.199636] raid6: sse2x1   gen() 126144 MB/s
[   12.200228] raid6: sse2x1   xor() 108793 MB/s
[   14.206657] raid6: sse2x2   gen() 269688 MB/s
[   14.269026] raid6: sse2x2   xor()  6193 MB/s
[   15.204471] raid6: sse2x4   gen() 270012 MB/s
[   15.260283] raid6: sse2x4   xor()  5110 MB/s
[   15.269299] raid6: using algorithm sse2x4 gen() 270012 MB/s
[   15.279461] raid6: .... xor() 5110 MB/s, rmw enabled
[   15.287533] raid6: using ssse3x2 recovery algorithm
[   15.302008] xor: measuring software checksum speed
[   15.349151]    prefetch64-sse: 11997.000 MB/sec
[   15.392138]    generic_sse: 11095.000 MB/sec
[   15.398148] xor: using function: prefetch64-sse (11997.000 MB/sec)
[   15.409684] async_tx: api initialized (async)
done.
Begin: Running /scripts/init-premount ... done.
Begin: Mounting root file system ... Begin: Running /scripts/local-top ... done.
Begin: Running /scripts/local-premount ... [   15.507820] Btrfs loaded, crc32c=crc32c-intel
Scanning for Btrfs filesystems
done.
Warning: fsck not present, so skipping root file system
[   15.614813] EXT4-fs (sda1): mounted filesystem with ordered data mode. Opts: (null)
done.
Begin: Running /scripts/local-bottom ... done.
Begin: Running /scripts/init-bottom ... done.
[   16.006184] ip_tables: (C) 2000-2006 Netfilter Core Team
[   16.053863] systemd[1]: systemd 237 running in system mode. (+PAM +AUDIT +SELINUX +IMA +APPARMOR +SMACK +SYSVINIT +UTMP +LIBCRYPTSETUP +GCRYPT +GNUTLS +ACL +XZ +LZ4 +SECCOMP +BLKID +ELFUTILS +KMOD -IDN2 +IDN -PCRE2 default-hierarchy=hybrid)
[   16.089979] systemd[1]: Detected virtualization oracle.
[   16.098273] systemd[1]: Detected architecture x86-64.

Welcome to [1mUbuntu 18.04.6 LTS[0m!

[   16.161779] systemd[1]: Set hostname to <ubuntu>.
[   16.179597] systemd[1]: Initializing machine ID from random generator.
[   16.190140] systemd[1]: Installed transient /etc/machine-id file.
[   16.756029] systemd[1]: Set up automount Arbitrary Executable File Formats File System Automount Point.
[[0;32m  OK  [0m] Set up automount Arbitrary Executab…rmats File System Automount Point.
[   16.811185] systemd[1]: Created slice System Slice.
[[0;32m  OK  [0m] Created slice System Slice.
[   16.831516] systemd[1]: Started Forward Password Requests to Wall Directory Watch.
[[0;32m  OK  [0m] Started Forward Password Requests to Wall Directory Watch.
[   16.854695] systemd[1]: Listening on Journal Socket (/dev/log).
[[0;32m  OK  [0m] Listening on Journal Socket (/dev/log).
[[0;32m  OK  [0m] Listening on LVM2 poll daemon socket.
[[0;32m  OK  [0m] Listening on Device-mapper event daemon FIFOs.
[[0;32m  OK  [0m] Created slice User and Session Slice.
[[0;32m  OK  [0m] Reached target Mounting snaps.
[[0;32m  OK  [0m] Reached target Mounted snaps.
[[0;32m  OK  [0m] Listening on Journal Socket.
[[0;32m  OK  [0m] Reached target User and Group Name Lookups.
[[0;32m  OK  [0m] Listening on /dev/initctl Compatibility Named Pipe.
         Mounting POSIX Message Queue File System...
[[0;32m  OK  [0m] Reached target Swap.
[[0;32m  OK  [0m] Listening on udev Control Socket.
[[0;32m  OK  [0m] Created slice system-serial\x2dgetty.slice.
         Mounting Kernel Debug File System...
         Starting Create list of required st…ce nodes for the current kernel...
[[0;32m  OK  [0m] Listening on udev Kernel Socket.
         Starting udev Coldplug all Devices...
[[0;32m  OK  [0m] Listening on Network Service Netlink Socket.
         Mounting Huge Pages File System...
[[0;32m  OK  [0m] Listening on Syslog Socket.
[[0;32m  OK  [0m] Listening on LVM2 metadata daemon socket.
         Starting Monitoring of LVM2 mirrors…ng dmeventd or progress polling...
[[0;32m  OK  [0m] Reached target System Time Synchronized.
         Starting Set the console keyboard layout...
[[0;32m  OK  [0m] Reached target Slices.
         Starting Load Kernel Modules...
         Starting Uncomplicated firewall...
[[0;32m  OK  [0m] Listening on Journal Audit Socket.
         Starting Journal Service...
[[0;32m  OK  [0m] Listening on fsck to fsckd communication Socket.
         Starting File System Check on Root Device...
[[0;32m  OK  [0m] Mounted POSIX Message Queue File System.
[[0;32m  OK  [0m] Mounted Kernel Debug File System.[   17.214417] Loading iSCSI transport class v2.0-870.

[[0;32m  OK  [0m] Started Create list of required sta…vice nodes for the current kernel.
[[0;32m  OK  [0m] Mounted Huge Pages File System.
[[0;32m  OK  [0m] Started Uncomplicated firewall.
[[0;32m  OK  [0m] Started File System Check Daemon to report status.
[[0;32m  OK  [0m] Started LVM2 metadata daemon.
         Starting Create Static Device Nodes in /dev...
[[0;32m  OK  [0m] Started File System Check on Root Device.
         Starting Remount Root and Kernel File Systems...
[[0;32m  OK  [0m] Started Journal Service.
[[0;32m  OK  [0m] Started udev Coldplug all Devices.
[   17.449834] iscsi: registered transport (tcp)
[   17.475611] EXT4-fs (sda1): re-mounted. Opts: (null)
[[0;32m  OK  [0m] Started Remount Root and Kernel File Systems.
         Starting Flush Journal to Persistent Storage...
         Starting Load/Save Random Seed...
[[0;32m  OK  [0m] Started Monitoring of LVM2 mirrors,…sing dmeventd or progress polling.
[[0;32m  OK  [0m] Started Create Static Device Nodes in /dev.
         Starting udev Kernel Device Manager...
[   17.566200] systemd-journald[410]: Received request to flush runtime journal from PID 1
[[0;32m  OK  [0m] Started Load/Save Random Seed.
[[0;32m  OK  [0m] Started udev Kernel Device Manager.
[   17.739439] iscsi: registered transport (iser)
[[0;32m  OK  [0m] Started Flush Journal to Persistent Storage.
[[0;32m  OK  [0m] Started Load Kernel Modules.
         Starting Apply Kernel Variables...
         Mounting Kernel Configuration File System...
         Mounting FUSE Control File System...
[[0;32m  OK  [0m] Mounted Kernel Configuration File System.
[[0;32m  OK  [0m] Mounted FUSE Control File System.
[[0;32m  OK  [0m] Started Apply Kernel Variables.
[[0;32m  OK  [0m] Found device /dev/ttyS0.
[[0;32m  OK  [0m] Listening on Load/Save RF Kill Switch Status /dev/rfkill Watch.
[[0;32m  OK  [0m] Started Set the console keyboard layout.
[[0;32m  OK  [0m] Started Dispatch Password Requests to Console Directory Watch.
[[0;32m  OK  [0m] Reached target Local Encrypted Volumes.
[[0;32m  OK  [0m] Reached target Local File Systems (Pre).
[[0;32m  OK  [0m] Reached target Local File Systems.
         Starting Create Volatile Files and Directories...
         Starting Tell Plymouth To Write Out Runtime Data...
         Starting ebtables ruleset management...
         Starting Commit a transient machine-id on disk...
         Starting AppArmor initialization...
         Starting Set console font and keymap...
[[0;32m  OK  [0m] Started Tell Plymouth To Write Out Runtime Data.
[[0;32m  OK  [0m] Started Create Volatile Files and Directories.
         Starting Update UTMP about System Boot/Shutdown...
[[0;32m  OK  [0m] Started Update UTMP about System Boot/Shutdown.
[[0;32m  OK  [0m] Started Commit a transient machine-id on disk.
[[0;32m  OK  [0m] Started ebtables ruleset management.
         Mounting Arbitrary Executable File Formats File System...
[[0;32m  OK  [0m] Mounted Arbitrary Executable File Formats File System.
[[0;32m  OK  [0m] Started AppArmor initialization.
         Starting Initial cloud-init job (pre-networking)...
         Starting Load AppArmor profiles managed internally by snapd...
[[0;32m  OK  [0m] Started Load AppArmor profiles managed internally by snapd.
[[0;32m  OK  [0m] Started Set console font and keymap.
[   25.769702] cloud-init[761]: Cloud-init v. 23.1.2-0ubuntu0~18.04.1 running 'init-local' at Mon, 13 May 2024 21:18:42 +0000. Up 24.98 seconds.
[[0;32m  OK  [0m] Started Initial cloud-init job (pre-networking).
[[0;32m  OK  [0m] Reached target Network (Pre).
         Starting Network Service...
[[0;32m  OK  [0m] Started Network Service.
         Starting Wait for Network to be Configured...
         Starting Network Name Resolution...
[[0;32m  OK  [0m] Started Network Name Resolution.
[[0;32m  OK  [0m] Reached target Host and Network Name Lookups.
[[0;32m  OK  [0m] Reached target Network.
[[0;32m  OK  [0m] Started Wait for Network to be Configured.
         Starting Initial cloud-init job (metadata service crawler)...
[   28.628165] cloud-init[908]: Cloud-init v. 23.1.2-0ubuntu0~18.04.1 running 'init' at Mon, 13 May 2024 21:18:46 +0000. Up 28.40 seconds.
[   28.643641] cloud-init[908]: ci-info: ++++++++++++++++++++++++++++++++++++++Net device info+++++++++++++++++++++++++++++++++++++++
[   28.658524] cloud-init[908]: ci-info: +--------+-------+----------------------------+---------------+--------+-------------------+
[   28.673041] cloud-init[908]: ci-info: | Device |   Up  |          Address           |      Mask     | Scope  |     Hw-Address    |
[   28.689338] cloud-init[908]: ci-info: +--------+-------+----------------------------+---------------+--------+-------------------+
[   28.705582] cloud-init[908]: ci-info: | enp0s3 |  True |         10.0.2.15          | 255.255.255.0 | global | 02:3b:7b:b7:3b:2d |
[   28.721819] cloud-init[908]: ci-info: | enp0s3 |  True | fe80::3b:7bff:feb7:3b2d/64 |       .       |  link  | 02:3b:7b:b7:3b:2d |
[   28.740906] cloud-init[908]: ci-info: | enp0s8 | False |             .              |       .       |   .    | 08:00:27:aa:4f:e4 |
[   28.758218] cloud-init[908]: ci-info: |   lo   |  True |         127.0.0.1          |   255.0.0.0   |  host  |         .         |
[   28.771135] cloud-init[908]: ci-info: |   lo   |  True |          ::1/128           |       .       |  host  |         .         |
[   28.783407] cloud-init[908]: ci-info: +--------+-------+----------------------------+---------------+--------+-------------------+
[   28.797952] cloud-init[908]: ci-info: ++++++++++++++++++++++++++++Route IPv4 info+++++++++++++++++++++++++++++
[   28.812845] cloud-init[908]: ci-info: +-------+-------------+----------+-----------------+-----------+-------+
[   28.826800] cloud-init[908]: ci-info: | Route | Destination | Gateway  |     Genmask     | Interface | Flags |
[   28.838552] cloud-init[908]: ci-info: +-------+-------------+----------+-----------------+-----------+-------+
[   28.849719] cloud-init[908]: ci-info: |   0   |   0.0.0.0   | 10.0.2.2 |     0.0.0.0     |   enp0s3  |   UG  |
[   28.863331] cloud-init[908]: ci-info: |   1   |   10.0.2.0  | 0.0.0.0  |  255.255.255.0  |   enp0s3  |   U   |
[   28.873205] cloud-init[908]: ci-info: |   2   |   10.0.2.2  | 0.0.0.0  | 255.255.255.255 |   enp0s3  |   UH  |
[   28.885846] cloud-init[908]: ci-info: +-------+-------------+----------+-----------------+-----------+-------+
[   28.899400] cloud-init[908]: ci-info: +++++++++++++++++++Route IPv6 info+++++++++++++++++++
[   28.911689] cloud-init[908]: ci-info: +-------+-------------+---------+-----------+-------+
[   28.925874] cloud-init[908]: ci-info: | Route | Destination | Gateway | Interface | Flags |
[   28.940763] cloud-init[908]: ci-info: +-------+-------------+---------+-----------+-------+
[   28.956717] cloud-init[908]: ci-info: |   1   |  fe80::/64  |    ::   |   enp0s3  |   U   |
[   28.972319] cloud-init[908]: ci-info: |   3   |    local    |    ::   |   enp0s3  |   U   |
[   28.989925] cloud-init[908]: ci-info: |   4   |   ff00::/8  |    ::   |   enp0s3  |   U   |
[   29.003625] cloud-init[908]: ci-info: +-------+-------------+---------+-----------+-------+
[   30.407424] cloud-init[908]: Generating public/private rsa key pair.
[   30.413560] cloud-init[908]: Your identification has been saved in /etc/ssh/ssh_host_rsa_key.
[   30.420952] cloud-init[908]: Your public key has been saved in /etc/ssh/ssh_host_rsa_key.pub.
[   30.430296] cloud-init[908]: The key fingerprint is:
[   30.436087] cloud-init[908]: SHA256:TwEmp54m2wBHCMtnCtkr48znWOHc/ntF7p4eMJRRsKg root@ubuntu-bionic
[   30.471079] cloud-init[908]: The key's randomart image is:
[   30.482512] cloud-init[908]: +---[RSA 2048]----+
[   30.492975] cloud-init[908]: |.. .. . +oo.     |
[   30.502604] cloud-init[908]: |.+..   =..+      |
[   30.515078] cloud-init[908]: |+.oo. .. +.      |
[   30.528700] cloud-init[908]: |. ++ ....  o     |
[   30.537954] cloud-init[908]: |o...oE+ So+      |
[   30.548650] cloud-init[908]: |+oo o*   ooo     |
[   30.558379] cloud-init[908]: | + =...   +.     |
[[0;32m  OK  [0m] Started Initial cloud-init job (metadata service crawler).
[   30.565661] [[0;32m  OK  [0m] Reached target System Initialization.
[[0;32m  OK  [0m] Started Ubuntu Advantage Timer for running repeated jobs.
         Starting LXD - unix socket.
[[0;32m  OK  [0m] Started Message of the Day.
[[0;32m  OK  [0m] Listening on ACPID Listen Socket.
[[0;32m  OK  [0m] Listening on cloud-init hotplug hook socket.
[[0;32m  OK  [0m] Listening on Open-iSCSI iscsid Socket.
[[0;32m  OK  [0m] Started ACPI Events Check.
[[0;32m  OK  [0m] Started Daily apt download activities.
[[0;32m  OK  [0m] Reached target Paths.
[[0;32m  OK  [0m] Started Discard unused blocks once a week.
[[0;32m  OK  [0m] Started Daily Cleanup of Temporary Directories.
[[0;32m  OK  [0m] Listening on UUID daemon activation socket.
         Starting Socket activation for snappy daemon.
[[0;32m  OK  [0m] Started Daily apt upgrade and clean activities.
[[0;32m  OK  [0m] Reached target Timers.
[[0;32m  OK  [0m] Listening on D-Bus System Message Bus Socket.
[[0;32m  OK  [0m] Reached target Cloud-config availability.
[[0;32m  OK  [0m] Reached target Network is Online.
[[0;32m  OK  [0m] Reached target Remote File Systems (Pre).
[[0;32m  OK  [0m] Reached target Remote File Systems.
         Starting Availability of block devices...
[[0;32m  OK  [0m] Listening on LXD - unix socket.
[[0;32m  OK  [0m] Listening on Socket activation for snappy daemon.
[[0;32m  OK  [0m] Reached target Sockets.
[[0;32m  OK  [0m] Reached target Basic System.
[[0;32m  OK  [0m] Started FUSE filesystem for LXC.
[[0;32m  OK  [0m] Started D-Bus System Message Bus.
cloud-init[908]: |  = .    . .o    |
[   30.677298] cloud-init[908]: | . . ..oo o+     |
[   30.688645] cloud-init[908]: +----[SHA256]-----+
[   30.702571] cloud-init[908]: Generating public/private dsa key pair.
[   30.714302] cloud-init[908]: Your identification has been saved in /etc/ssh/ssh_host_dsa_key.
[   30.726103] cloud-init[908]: Your public key has been saved in /etc/ssh/ssh_host_dsa_key.pub.
[   30.739257]          Starting Pollinate to seed the pseudo random number generator...
         Starting LSB: Record successful boot for GRUB...
cloud-init[[0;32m  OK  [0m] Started Regular background program processing daemon.
[908]: The key fingerprint is:         Starting Login Service...

         Starting LSB: automatic crash report generation...
[[0;32m  OK  [0m] Started Deferred execution scheduler.
         Starting Accounts Service...
         Starting LXD - container startup/shutdown...
         Starting Snap Daemon...
[   30.807120] cloud-init[908]: SHA256:cqbuD+PdJBd3bya+SxI6jy/OF5pmRM+f+4Xpz5kAIOE root@ubuntu-bionic         Starting Virtualbox guest utils...

[   30.850426] cloud-init[908]: The key's randomart image is:
[   30.877899] cloud-init[908]: +---[DSA 1024]----+
[[0;32m  OK  [0m] Started irqbalance daemon.
[   30.928223]          Starting Permit User Sessions...
         Starting System Logging Service...
cloud-init[[0;32m  OK  [0m] [908]: Reached target Login Prompts (Pre).
|       .         |
[   31.029409] cloud-init[908]: |      . .        |
[   31.041061] cloud-init[908]: |       E .       |
[   31.058822] cloud-init[908]: |        . o      |
[   31.070522] cloud-init[908]: |      . S..+o .  |
[   31.082676] cloud-init[908]: |       =  .+=o + |
[   31.095540]          Starting Dispatcher daemon for systemd-networkd...cloud-init[908]: 
|      + ..=o.+=.=|
[[0;32m  OK  [0m[   31.126651] ] Started Availability of block devices.
[[0;32m  OK  [0m] cloud-init[908]: |     o + **+.=+=+|
Started Permit User Sessions.
[   31.164678] cloud-init[908]: |     .+.o+=+o *O+|         Starting Hold until boot process finishes up...

         [   31.227159] Starting Terminate Plymouth Boot Screen...
cloud-init[908]: +----[SHA256]-----+
[   31.239465] cloud-init[908]: Generating public/private ecdsa key pair.
[   31.248935] cloud-init[908]: Your identification has been saved in /etc/ssh/ssh_host_ecdsa_key.
[[   31.285293] cloud-init[0;32m  OK  [0m] Started Hold until boot process finishes up.
[[0;32m  OK  [0m] Started System Logging Service.
[[0;32m  OK  [0m] Started Terminate Plymouth Boot Screen.[908]: Your public key has been saved in /etc/ssh/ssh_host_ecdsa_key.pub.

[   31.355352] cloud-init[908]: The key fingerprint is:
[   31.366226] cloud-init[908]: SHA256:YcxXibn2b1WZNErlS5TJMp9Rc5T1SpfT0sd37IeMFbU root@ubuntu-bionic
[   31.381134] cloud-init[908]: The key's randomart image is:
[   31.405579] cloud-init[908]: +---[ECDSA 256]---+
[   31.415748] cloud-init[908]: |           o..+*%|
[   31.430270] cloud-init[908]: |       o  o..+o&B|
[   31.440076] cloud-init[908]: |        = ... XE^|
[   31.453831] cloud-init[908]: |       . oo  *.@B|[[0;32m  OK  [0m] Started LSB: automatic crash report generation.
[[0;32m  OK  [0m] Started Login Service.

[   31.553279] [[0;32m  OK  [0m] Started Unattended Upgrades Shutdown.
         Starting Authorization Manager...
[[0;32m  OK  [0m] Started Serial Getty on ttyS0.
         Starting Set console scheme...
cloud-init[908]: |        S. .. +.+|
[   31.722211] cloud-init[908]: |            .   o|
[   31.733369] cloud-init[908]: |             . . |
[   31.750204] cloud-init[908]: |              o  |
[   31.762056] cloud-init[908]: |             .   |
[   31.772149] [[0;32m  OK  [0m] Started Set console scheme.
[[0;32m  OK  [0m] Created slice system-getty.slice.
[cloud-init[908]: [0;32m  OK  [0m] Started Getty on tty1.
[[0;32m  OK  [0m+----[SHA256]-----+] Reached target Login Prompts.

[   31.858454] cloud-init[908]: Generating public/private ed25519 key pair.
[   31.875722] cloud-init[908]: Your identification has been saved in /etc/ssh/ssh_host_ed25519_key.
[   31.895533] cloud-init[908]: Your public key has been saved in /etc/ssh/ssh_host_ed25519_key.pub.
[   31.946162] [[0;32m  OK  [0mcloud-init[908]: ] Started LSB: Record successful boot for GRUB.
The key fingerprint is:
[   32.026163] cloud-init[908]: SHA256:11+A8BN/ZnWbdC19gjxQTsKAapyKlhuiBqekXG7pWRA root@ubuntu-bionic
[   32.058418] cloud-init[908]: The key's randomart image is:
[   32.070912] cloud-init[908]: [[0;32m  OK  [0m] Started Authorization Manager.
+--[ED25519 256]--+
[[0;32m  OK  [0m] Started Accounts Service.
[   32.160185] cloud-init[908]: |       ..o+++. o=|
[   32.197094] cloud-init[908]: |      .   .*+++ X|
[   32.230653] cloud-init[908]: |   E o      =.o==|
[   32.243392] cloud-init[908]: |    *      . . = |
[   32.249606] cloud-init[908]: | ..+    S . .   .|
[   32.255319] cloud-init[908]: |+=o..    .   . . |
[   32.263542] cloud-init[908]: |Oo= ..        .  |
[   32.269253] cloud-init[908]: |++ +o            |
[   32.276453] cloud-init[908]: |. oo             |
[   32.284859] cloud-init[908]: +----[SHA256]-----+
[[0;32m  OK  [0m] Started Virtualbox guest utils.
[[0;32m  OK  [0m] Started Dispatcher daemon for systemd-networkd.
[[0;32m  OK  [0m] Started LXD - container startup/shutdown.
[[0;32m  OK  [0m] Started Pollinate to seed the pseudo random number generator.
         Starting OpenBSD Secure Shell server...
[[0;32m  OK  [0m] Started OpenBSD Secure Shell server.
[[0;32m  OK  [0m] Started Snap Daemon.
         Starting Wait until snapd is fully seeded...
[[0;32m  OK  [0m] Created slice User Slice of vagrant.
         Starting User Manager for UID 1000...
[[0;32m  OK  [0m] Started Session 1 of user vagrant.
[[0;32m  OK  [0m] Started User Manager for UID 1000.
         Starting Time & Date Service...
[[0;32m  OK  [0m] Started Time & Date Service.

Ubuntu 18.04.6 LTS ubuntu-bionic ttyS0

ubuntu-bionic login: [   42.200115] cloud-init[1414]: Cloud-init v. 23.1.2-0ubuntu0~18.04.1 running 'modules:config' at Mon, 13 May 2024 21:18:57 +0000. Up 39.76 seconds.
ci-info: no authorized SSH keys fingerprints found for user ubuntu.
<14>May 13 21:19:01 cloud-init: #############################################################
<14>May 13 21:19:01 cloud-init: -----BEGIN SSH HOST KEY FINGERPRINTS-----
<14>May 13 21:19:01 cloud-init: 1024 SHA256:cqbuD+PdJBd3bya+SxI6jy/OF5pmRM+f+4Xpz5kAIOE root@ubuntu-bionic (DSA)
<14>May 13 21:19:01 cloud-init: 256 SHA256:YcxXibn2b1WZNErlS5TJMp9Rc5T1SpfT0sd37IeMFbU root@ubuntu-bionic (ECDSA)
<14>May 13 21:19:01 cloud-init: 256 SHA256:11+A8BN/ZnWbdC19gjxQTsKAapyKlhuiBqekXG7pWRA root@ubuntu-bionic (ED25519)
<14>May 13 21:19:01 cloud-init: 2048 SHA256:TwEmp54m2wBHCMtnCtkr48znWOHc/ntF7p4eMJRRsKg root@ubuntu-bionic (RSA)
<14>May 13 21:19:01 cloud-init: -----END SSH HOST KEY FINGERPRINTS-----
<14>May 13 21:19:01 cloud-init: #############################################################
-----BEGIN SSH HOST KEY KEYS-----
ecdsa-sha2-nistp256 AAAAE2VjZHNhLXNoYTItbmlzdHAyNTYAAAAIbmlzdHAyNTYAAABBBHkW9qSb63e7pxDOh57wMrVMe34jFxd8mgiBg5dNAwmjpjuzgRrZk6H7LKaLla6HL0S9bFWXZSDFsbSilEGsaoI= root@ubuntu-bionic
ssh-ed25519 AAAAC3NzaC1lZDI1NTE5AAAAIOXsHmW/4E+P1UVwP2WDhO5+WSGtcbj56fhhsAMMQhtt root@ubuntu-bionic
ssh-rsa AAAAB3NzaC1yc2EAAAADAQABAAABAQClfIU+9wGOdj/X/FOeN7pKDF2Vh7C5p9/KAN9W+RaPtKljWVIOR2PXEKoNf4/mfptYtylUVPxEx9WS/Wob4Dd9tpZpLg2ua+yxXZIekjAS0fntv0fiTX5KvbX7hZOrnls3xRXYUVYHKI2oKukbn8CyWuB7FPxVNLtgf0FRTZPzLHyHbsDIkoFhEFhKzQxqPypOqjaY8Yl7WLXH5CUIkpoR8Xem2VxvmPRD1yBaPq9ytAIBD4vNoDZwtKRIvpwhsUw5dCZEdnFUTxg/3isynX64NrZf9vkiV/TNDm/TSQQQIToU6aBlk2uYzXQiGzmO4WDK+7KJUiQBOAwmhxz4QyfR root@ubuntu-bionic
-----END SSH HOST KEY KEYS-----
[   43.982410] cloud-init[1567]: Cloud-init v. 23.1.2-0ubuntu0~18.04.1 running 'modules:final' at Mon, 13 May 2024 21:19:01 +0000. Up 43.43 seconds.
[   44.021383] cloud-init[1567]: Cloud-init v. 23.1.2-0ubuntu0~18.04.1 finished at Mon, 13 May 2024 21:19:01 +0000. Datasource DataSourceNoCloud [seed=/dev/sdb][dsmode=net].  Up 43.81 seconds
